build/app/outputs/mapping/release/seeds.txt
com.example.my_project.MainActivity
com.example.my_project.MainActivity: MainActivity()
...
com.google.protobuf.GeneratedMessageLite$MethodToInvoke: com.google.protobuf.GeneratedMessageLite$MethodToInvoke[] values()
com.google.firestore.v1.DocumentRemove: int REMOVED_TARGET_IDS_FIELD_NUMBER
io.grpc.okhttp.internal.Platform$TlsExtensionType: io.grpc.okhttp.internal.Platform$TlsExtensionType[] values()
io.grpc.SecurityLevel: io.grpc.SecurityLevel valueOf(java.lang.String)
io.flutter.embedding.engine.FlutterJNI: void setPlatformMessageHandler(io.flutter.embedding.engine.dart.PlatformMessageHandler)
com.google.firestore.v1.Write: com.google.firestore.v1.Write DEFAULT_INSTANCE
com.google.android.gms.internal.measurement.zzeg: double zzj
com.google.firestore.v1.TargetChange: int targetChangeType_
com.google.android.gms.internal.firebase-auth-api.zzex
com.google.firestore.v1.DocumentChange: int DOCUMENT_FIELD_NUMBER
com.google.firestore.v1.DocumentTransform$FieldTransform$TransformTypeCase: com.google.firestore.v1.DocumentTransform$FieldTransform$TransformTypeCase valueOf(java.lang.String)
com.google.firebase.auth.internal.GenericIdpActivity
io.grpc.internal.ManagedChannelImpl$ResolutionState: io.grpc.internal.ManagedChannelImpl$ResolutionState[] values()
com.google.firebase.firestore.core.ViewSnapshot$SyncState: com.google.firebase.firestore.core.ViewSnapshot$SyncState valueOf(java.lang.String)
com.google.firestore.v1.Document: com.google.firestore.v1.Document DEFAULT_INSTANCE
com.google.android.gms.common.internal.safeparcel.SafeParcelable: java.lang.String NULL
com.google.firebase.firestore.proto.UnknownDocument: com.google.firebase.firestore.proto.UnknownDocument DEFAULT_INSTANCE
com.google.android.gms.internal.firebase-auth-api.zzfg: int zzb
com.google.firestore.v1.StructuredQuery: int ORDER_BY_FIELD_NUMBER
androidx.fragment.app.FragmentState: android.os.Parcelable$Creator CREATOR
com.google.android.gms.internal.firebase-auth-api.zzfg
com.google.android.gms.internal.measurement.zzdj: java.lang.String zzp
com.google.firestore.v1.ListenRequest: java.lang.Object targetChange_
com.google.firestore.v1.MapValue: int FIELDS_FIELD_NUMBER
com.google.firebase.provider.FirebaseInitProvider
io.flutter.embedding.engine.FlutterJNI: void handlePlatformMessage(java.lang.String,byte[],int)
io.flutter.plugins.firebase.core.FlutterFirebasePluginRegistry: FlutterFirebasePluginRegistry()
android.support.v4.graphics.drawable.IconCompatParcelizer: void write(androidx.core.graphics.drawable.IconCompat,androidx.versionedparcelable.VersionedParcel)
com.google.firebase.Timestamp: android.os.Parcelable$Creator CREATOR
com.google.firestore.v1.WriteResponse: com.google.protobuf.Internal$ProtobufList writeResults_
io.flutter.embedding.engine.FlutterJNI: void dispatchPointerDataPacket(java.nio.ByteBuffer,int)
com.google.android.gms.internal.firebase-auth-api.zzaaj: com.google.android.gms.internal.firebase-auth-api.zzaaj[] values()
io.grpc.ConnectivityState: io.grpc.ConnectivityState[] values()
com.google.android.gms.internal.firebase-auth-api.zzfy: com.google.android.gms.internal.firebase-auth-api.zzfy zzf
com.google.android.gms.internal.measurement.zzdf: java.lang.String zzf
com.google.android.gms.internal.measurement.zzdd: long zzf
com.google.firebase.firestore.proto.Target: int TARGET_ID_FIELD_NUMBER
com.google.android.gms.internal.measurement.zzcx: boolean zzh
com.google.firestore.v1.TransactionOptions$ReadOnly: com.google.firestore.v1.TransactionOptions$ReadOnly DEFAULT_INSTANCE
io.flutter.plugin.editing.ImeSyncDeferringInsetsCallback
com.google.android.gms.internal.firebase-auth-api.zzfv
androidx.lifecycle.LiveData$LifecycleBoundObserver
io.grpc.okhttp.internal.framed.ErrorCode: io.grpc.okhttp.internal.framed.ErrorCode[] values()
io.grpc.okhttp.internal.CipherSuite: io.grpc.okhttp.internal.CipherSuite valueOf(java.lang.String)
com.google.android.gms.internal.firebase-auth-api.zzhb: com.google.android.gms.internal.firebase-auth-api.zzhe zze
com.google.android.gms.internal.measurement.zzeg: int zza