build/app/outputs/mapping/release/mapping.txt
# compiler: R8
# compiler_version: 2.1.62
# min_api: 16
# pg_map_id: b9bfdff
# common_typos_disable
...
io.grpc.okhttp.internal.framed.Hpack$Reader -> c.b.l1.r.j.f$a:
    java.util.List headerList -> a
    okio.BufferedSource source -> b
    int dynamicTableByteCount -> h
    int nextDynamicTableIndex -> f
    io.grpc.okhttp.internal.framed.Header[] dynamicTable -> e
    int dynamicTableHeaderCount -> g
    int maxDynamicTableByteCount -> d
    int headerTableSizeSetting -> c
    void adjustDynamicTableByteCount() -> a
    void clearDynamicTable() -> b
    int dynamicTableIndex(int) -> c
    int evictToRecoverBytes(int) -> d
    java.util.List getAndResetHeaderList() -> e
    okio.ByteString getName(int) -> f
    void headerTableSizeSetting(int) -> g
    void insertIntoDynamicTable(int,io.grpc.okhttp.internal.framed.Header) -> h
    boolean isStaticHeader(int) -> i
    int readByte() -> j
    okio.ByteString readByteString() -> k
    void readHeaders() -> l
    void readIndexedHeader(int) -> m
    int readInt(int,int) -> n
    void readLiteralHeaderWithIncrementalIndexingIndexedName(int) -> o
    void readLiteralHeaderWithIncrementalIndexingNewName() -> p
    void readLiteralHeaderWithoutIndexingIndexedName(int) -> q
    void readLiteralHeaderWithoutIndexingNewName() -> r
io.grpc.okhttp.internal.framed.Hpack$Writer -> c.b.l1.r.j.f$b:
    okio.Buffer out -> a
    int nextDynamicTableIndex -> h
    int dynamicTableByteCount -> i
    int dynamicTableHeaderCount -> g
    io.grpc.okhttp.internal.framed.Header[] dynamicTable -> f
    int maxDynamicTableByteCount -> e
    boolean useCompression -> b
    int smallestHeaderTableSizeSetting -> c
    boolean emitDynamicTableSizeUpdate -> d
    void clearDynamicTable() -> a
    int evictToRecoverBytes(int) -> b
    void insertIntoDynamicTable(io.grpc.okhttp.internal.framed.Header) -> c
    void writeByteString(okio.ByteString) -> d
    void writeHeaders(java.util.List) -> e
    void writeInt(int,int,int) -> f
io.grpc.okhttp.internal.framed.Http2 -> c.b.l1.r.j.g:
    okio.ByteString CONNECTION_PREFACE -> b
    java.util.logging.Logger logger -> a
    io.grpc.okhttp.internal.framed.FrameReader newReader(okio.BufferedSource,boolean) -> a
    io.grpc.okhttp.internal.framed.FrameWriter newWriter(okio.BufferedSink,boolean) -> b
    okio.ByteString access$000() -> c
    java.util.logging.Logger access$100() -> d
    java.io.IOException access$200(java.lang.String,java.lang.Object[]) -> e
    int access$300(okio.BufferedSource) -> f
    int access$400(int,byte,short) -> g
    java.lang.IllegalArgumentException access$500(java.lang.String,java.lang.Object[]) -> h
    void access$600(okio.BufferedSink,int) -> i
    java.lang.IllegalArgumentException illegalArgument(java.lang.String,java.lang.Object[]) -> j
    java.io.IOException ioException(java.lang.String,java.lang.Object[]) -> k
    int lengthWithoutPadding(int,byte,short) -> l
    int readMedium(okio.BufferedSource) -> m
    void writeMedium(okio.BufferedSink,int) -> n
io.grpc.okhttp.internal.framed.Http2$ContinuationSource -> c.b.l1.r.j.g$a:
    short padding -> h
    okio.BufferedSource source -> c
    int streamId -> f
    int left -> g
    int length -> d
    byte flags -> e
    long read(okio.Buffer,long) -> D
    void readContinuationHeader() -> a
io.grpc.okhttp.internal.framed.Http2$FrameLogger -> c.b.l1.r.j.g$b:
    java.lang.String[] TYPES -> a
    java.lang.String[] BINARY -> c
    java.lang.String[] FLAGS -> b
    java.lang.String formatFlags(byte,byte) -> a
    java.lang.String formatHeader(boolean,int,int,byte,byte) -> b