build/app/outputs/mapping/release/usage.txt
com.example.my_project.R$mipmap
com.example.my_project.BuildConfig
com.example.my_project.R$style
com.example.my_project.R$color
com.example.my_project.R$drawable
com.example.my_project.R$styleable
com.example.my_project.R
com.example.my_project.R$xml
com.example.my_project.R$attr
com.example.my_project.R$integer
com.example.my_project.R$id
com.example.my_project.R$string
com.example.my_project.R$layout
com.example.my_project.R$dimen
...
com.google.android.gms.common.images.zaa
com.google.common.util.concurrent.ExecutionSequencer$4
com.google.common.collect.LinkedListMultimap$KeyList
com.google.api.OAuthRequirements$1
com.google.common.collect.ImmutableMultiset$Builder
kotlin.UninitializedPropertyAccessException
com.google.common.graph.AbstractValueGraph
kotlin.text.StringsKt__IndentKt$getIndentFunction$2
io.flutter.embedding.engine.plugins.activity.ActivityPluginBinding:
    public abstract void addOnNewIntentListener(io.flutter.plugin.common.PluginRegistry$NewIntentListener)
    public abstract void removeOnNewIntentListener(io.flutter.plugin.common.PluginRegistry$NewIntentListener)
    public abstract void addOnUserLeaveHintListener(io.flutter.plugin.common.PluginRegistry$UserLeaveHintListener)
    public abstract void removeOnUserLeaveHintListener(io.flutter.plugin.common.PluginRegistry$UserLeaveHintListener)
    public abstract void addOnSaveStateListener(io.flutter.embedding.engine.plugins.activity.ActivityPluginBinding$OnSaveInstanceStateListener)
    public abstract void removeOnSaveStateListener(io.flutter.embedding.engine.plugins.activity.ActivityPluginBinding$OnSaveInstanceStateListener)
kotlin.sequences.SequencesKt___SequencesKt$sortedWith$1
com.google.common.hash.Funnels$SinkAsStream
com.google.android.gms.common.api.internal.zaal
com.google.common.math.Quantiles$ScaleAndIndex
com.google.android.gms.common.util.SharedPreferencesUtils
com.google.firestore.v1.Write$OperationCase:
    public static com.google.firestore.v1.Write$OperationCase valueOf(int)
    public int getNumber()
com.google.firebase.firestore.proto.MutationQueue
com.google.common.base.Strings:
    private void <init>()
    public static java.lang.String nullToEmpty(java.lang.String)
    public static java.lang.String emptyToNull(java.lang.String)
    public static java.lang.String padStart(java.lang.String,int,char)
    public static java.lang.String padEnd(java.lang.String,int,char)
    public static java.lang.String repeat(java.lang.String,int)
    public static java.lang.String commonPrefix(java.lang.CharSequence,java.lang.CharSequence)
    public static java.lang.String commonSuffix(java.lang.CharSequence,java.lang.CharSequence)
    static boolean validSurrogatePairAt(java.lang.CharSequence,int)
com.google.common.primitives.Doubles
com.google.common.collect.ImmutableMapKeySet$KeySetSerializedForm
com.google.protobuf.DescriptorProtos$MethodDescriptorProtoOrBuilder
okio.Buffer:
    private void readFrom(java.io.InputStream,long,boolean)
    private boolean rangeEquals(okio.Segment,int,okio.ByteString,int,int)
    private okio.ByteString digest(java.lang.String)
    private okio.ByteString hmac(java.lang.String,okio.ByteString)
    public okio.Buffer emitCompleteSegments()
    public okio.BufferedSink emit()
    public boolean request(long)
    public java.io.InputStream inputStream()
    public okio.Buffer copyTo(java.io.OutputStream)
    public okio.Buffer copyTo(java.io.OutputStream,long,long)
    public okio.Buffer writeTo(java.io.OutputStream)
    public okio.Buffer writeTo(java.io.OutputStream,long)
    public okio.Buffer readFrom(java.io.InputStream)
    public okio.Buffer readFrom(java.io.InputStream,long)
    public long readLong()
    public short readShortLe()
    public int readIntLe()
    public long readLongLe()
    public long readDecimalLong()
    public long readHexadecimalUnsignedLong()
    public int select(okio.Options)
    int selectPrefix(okio.Options)
    public void readFully(okio.Buffer,long)
    public long readAll(okio.Sink)
    public java.lang.String readString(java.nio.charset.Charset)
    public java.lang.String readUtf8Line()
    public int readUtf8CodePoint()
    public int read(byte[])
    public okio.Buffer writeString(java.lang.String,java.nio.charset.Charset)
    public okio.Buffer writeString(java.lang.String,int,int,java.nio.charset.Charset)
    public long writeAll(okio.Source)
com.google.protobuf.Field$Cardinality$1